<?xml version="1.0" encoding="UTF-8"?>
<testng-results skipped="0" failed="1" ignored="1" total="2" passed="0">
  <reporter-output>
    <line>
      <![CDATA[Click on Desktop[[ChromeDriver: chrome on WINDOWS (684c050d610ab250817427f6aa0f47a7)] -> link text: Desktops]]]>
    </line>
    <line>
      <![CDATA[Select by nameName: A to Z to name field [[ChromeDriver: chrome on WINDOWS (684c050d610ab250817427f6aa0f47a7)] -> name: products-orderby]]]>
    </line>
    <line>
      <![CDATA[Click on Element[[ChromeDriver: chrome on WINDOWS (684c050d610ab250817427f6aa0f47a7)] -> xpath: //body/div[6]/div[3]/div[1]/div[3]/div[1]/div[2]/div[2]/div[2]/div[1]/div[1]/div[1]/div[1]/div[2]/div[3]/div[2]/button[1]]]]>
    </line>
    <line>
      <![CDATA[Verify Text Build your own computer [[ChromeDriver: chrome on WINDOWS (684c050d610ab250817427f6aa0f47a7)] -> xpath: //h1[contains(text(),'Build your own computer')]]]]>
    </line>
    <line>
      <![CDATA[select processor 1 to select processor field [[ChromeDriver: chrome on WINDOWS (684c050d610ab250817427f6aa0f47a7)] -> name: product_attribute_1]]]>
    </line>
    <line>
      <![CDATA[Select Ram5 select ram field [[ChromeDriver: chrome on WINDOWS (684c050d610ab250817427f6aa0f47a7)] -> name: product_attribute_2]]]>
    </line>
    <line>
      <![CDATA[Select HDD Radio Button[[ChromeDriver: chrome on WINDOWS (684c050d610ab250817427f6aa0f47a7)] -> xpath: //input[@id='product_attribute_3_7']]]]>
    </line>
    <line>
      <![CDATA[Select OS Vista Primium[[ChromeDriver: chrome on WINDOWS (684c050d610ab250817427f6aa0f47a7)] -> xpath: //input[@id='product_attribute_4_9']]]]>
    </line>
    <line>
      <![CDATA[Select Software [[ChromeDriver: chrome on WINDOWS (684c050d610ab250817427f6aa0f47a7)] -> xpath: //input[@id='product_attribute_5_12']]]]>
    </line>
    <line>
      <![CDATA[Verify PriceProxy element for: DefaultElementLocator 'By.xpath: //span[text() = '$1,475.00']']]>
    </line>
  </reporter-output>
  <suite name="Default Suite" duration-ms="46507" started-at="2022-12-13T00:43:28 GMT" finished-at="2022-12-13T00:44:14 GMT">
    <groups>
      <group name="regression">
        <method signature="ComputerTest.verifyProductAddedToShoppingCartSuccessFully()[pri:0, instance:com.nopcommerce.demo.testsuite.ComputerTest@704a52ec]" name="verifyProductAddedToShoppingCartSuccessFully" class="com.nopcommerce.demo.testsuite.ComputerTest"/>
      </group> <!-- regression -->
    </groups>
    <test name="com-nopcommerce-page-factory-anisha" duration-ms="46507" started-at="2022-12-13T00:43:28 GMT" finished-at="2022-12-13T00:44:14 GMT">
      <class name="com.nopcommerce.demo.testsuite.ComputerTest">
        <test-method status="PASS" signature="setUp()[pri:0, instance:com.nopcommerce.demo.testsuite.ComputerTest@704a52ec]" name="setUp" is-config="true" duration-ms="3552" started-at="2022-12-13T00:43:28 GMT" finished-at="2022-12-13T00:43:32 GMT">
          <reporter-output>
          </reporter-output>
        </test-method> <!-- setUp -->
        <test-method status="PASS" signature="inIt()[pri:0, instance:com.nopcommerce.demo.testsuite.ComputerTest@704a52ec]" name="inIt" is-config="true" duration-ms="34" started-at="2022-12-13T00:43:32 GMT" finished-at="2022-12-13T00:43:32 GMT">
          <reporter-output>
          </reporter-output>
        </test-method> <!-- inIt -->
        <test-method status="FAIL" signature="verifyProductAddedToShoppingCartSuccessFully()[pri:0, instance:com.nopcommerce.demo.testsuite.ComputerTest@704a52ec]" name="verifyProductAddedToShoppingCartSuccessFully" duration-ms="42216" started-at="2022-12-13T00:43:32 GMT" finished-at="2022-12-13T00:44:14 GMT">
          <exception class="org.openqa.selenium.NoSuchElementException">
            <message>
              <![CDATA[Unable to find element with locator By.xpath: //span[text() = '$1,475.00']
For documentation on this error, please visit: https://selenium.dev/exceptions/#no_such_element
Build info: version: '4.6.0', revision: '79f1c02ae20'
System info: os.name: 'Windows 10', os.arch: 'amd64', os.version: '10.0', java.version: '1.8.0_121'
Driver info: driver.version: RemoteWebDriver]]>
            </message>
            <full-stacktrace>
              <![CDATA[org.openqa.selenium.NoSuchElementException: Unable to find element with locator By.xpath: //span[text() = '$1,475.00']
For documentation on this error, please visit: https://selenium.dev/exceptions/#no_such_element
Build info: version: '4.6.0', revision: '79f1c02ae20'
System info: os.name: 'Windows 10', os.arch: 'amd64', os.version: '10.0', java.version: '1.8.0_121'
Driver info: driver.version: RemoteWebDriver
at org.openqa.selenium.remote.ElementLocation$ElementFinder$2.findElement(ElementLocation.java:165)
at org.openqa.selenium.remote.ElementLocation.findElement(ElementLocation.java:60)
at org.openqa.selenium.remote.RemoteWebDriver.findElement(RemoteWebDriver.java:365)
at org.openqa.selenium.remote.RemoteWebDriver.findElement(RemoteWebDriver.java:357)
at org.openqa.selenium.support.pagefactory.DefaultElementLocator.findElement(DefaultElementLocator.java:70)
at org.openqa.selenium.support.pagefactory.internal.LocatingElementHandler.invoke(LocatingElementHandler.java:39)
at com.sun.proxy.$Proxy14.getText(Unknown Source)
at com.nopcommerce.demo.utility.Utility.getTextFromElement(Utility.java:92)
at com.nopcommerce.demo.pages.BuildYourComputerPage.VerifythePrice(BuildYourComputerPage.java:84)
at com.nopcommerce.demo.testsuite.ComputerTest.verifyProductAddedToShoppingCartSuccessFully(ComputerTest.java:63)
at sun.reflect.NativeMethodAccessorImpl.invoke0(Native Method)
at sun.reflect.NativeMethodAccessorImpl.invoke(NativeMethodAccessorImpl.java:62)
at sun.reflect.DelegatingMethodAccessorImpl.invoke(DelegatingMethodAccessorImpl.java:43)
at java.lang.reflect.Method.invoke(Method.java:498)
at org.testng.internal.invokers.MethodInvocationHelper.invokeMethod(MethodInvocationHelper.java:135)
at org.testng.internal.invokers.TestInvoker.invokeMethod(TestInvoker.java:673)
at org.testng.internal.invokers.TestInvoker.invokeTestMethod(TestInvoker.java:220)
at org.testng.internal.invokers.MethodRunner.runInSequence(MethodRunner.java:50)
at org.testng.internal.invokers.TestInvoker$MethodInvocationAgent.invoke(TestInvoker.java:945)
at org.testng.internal.invokers.TestInvoker.invokeTestMethods(TestInvoker.java:193)
at org.testng.internal.invokers.TestMethodWorker.invokeTestMethods(TestMethodWorker.java:146)
at org.testng.internal.invokers.TestMethodWorker.run(TestMethodWorker.java:128)
at java.util.ArrayList.forEach(ArrayList.java:1249)
at org.testng.TestRunner.privateRun(TestRunner.java:808)
at org.testng.TestRunner.run(TestRunner.java:603)
at org.testng.SuiteRunner.runTest(SuiteRunner.java:429)
at org.testng.SuiteRunner.runSequentially(SuiteRunner.java:423)
at org.testng.SuiteRunner.privateRun(SuiteRunner.java:383)
at org.testng.SuiteRunner.run(SuiteRunner.java:326)
at org.testng.SuiteRunnerWorker.runSuite(SuiteRunnerWorker.java:52)
at org.testng.SuiteRunnerWorker.run(SuiteRunnerWorker.java:95)
at org.testng.TestNG.runSuitesSequentially(TestNG.java:1249)
at org.testng.TestNG.runSuitesLocally(TestNG.java:1169)
at org.testng.TestNG.runSuites(TestNG.java:1092)
at org.testng.TestNG.run(TestNG.java:1060)
at com.intellij.rt.testng.IDEARemoteTestNG.run(IDEARemoteTestNG.java:66)
at com.intellij.rt.testng.RemoteTestNGStarter.main(RemoteTestNGStarter.java:109)
]]>
            </full-stacktrace>
          </exception> <!-- org.openqa.selenium.NoSuchElementException -->
          <reporter-output>
            <line>
              <![CDATA[Click on Desktop[[ChromeDriver: chrome on WINDOWS (684c050d610ab250817427f6aa0f47a7)] -> link text: Desktops]]]>
            </line>
            <line>
              <![CDATA[Select by nameName: A to Z to name field [[ChromeDriver: chrome on WINDOWS (684c050d610ab250817427f6aa0f47a7)] -> name: products-orderby]]]>
            </line>
            <line>
              <![CDATA[Click on Element[[ChromeDriver: chrome on WINDOWS (684c050d610ab250817427f6aa0f47a7)] -> xpath: //body/div[6]/div[3]/div[1]/div[3]/div[1]/div[2]/div[2]/div[2]/div[1]/div[1]/div[1]/div[1]/div[2]/div[3]/div[2]/button[1]]]]>
            </line>
            <line>
              <![CDATA[Verify Text Build your own computer [[ChromeDriver: chrome on WINDOWS (684c050d610ab250817427f6aa0f47a7)] -> xpath: //h1[contains(text(),'Build your own computer')]]]]>
            </line>
            <line>
              <![CDATA[select processor 1 to select processor field [[ChromeDriver: chrome on WINDOWS (684c050d610ab250817427f6aa0f47a7)] -> name: product_attribute_1]]]>
            </line>
            <line>
              <![CDATA[Select Ram5 select ram field [[ChromeDriver: chrome on WINDOWS (684c050d610ab250817427f6aa0f47a7)] -> name: product_attribute_2]]]>
            </line>
            <line>
              <![CDATA[Select HDD Radio Button[[ChromeDriver: chrome on WINDOWS (684c050d610ab250817427f6aa0f47a7)] -> xpath: //input[@id='product_attribute_3_7']]]]>
            </line>
            <line>
              <![CDATA[Select OS Vista Primium[[ChromeDriver: chrome on WINDOWS (684c050d610ab250817427f6aa0f47a7)] -> xpath: //input[@id='product_attribute_4_9']]]]>
            </line>
            <line>
              <![CDATA[Select Software [[ChromeDriver: chrome on WINDOWS (684c050d610ab250817427f6aa0f47a7)] -> xpath: //input[@id='product_attribute_5_12']]]]>
            </line>
            <line>
              <![CDATA[Verify PriceProxy element for: DefaultElementLocator 'By.xpath: //span[text() = '$1,475.00']']]>
            </line>
          </reporter-output>
        </test-method> <!-- verifyProductAddedToShoppingCartSuccessFully -->
        <test-method status="PASS" signature="tearDown()[pri:0, instance:com.nopcommerce.demo.testsuite.ComputerTest@704a52ec]" name="tearDown" is-config="true" duration-ms="657" started-at="2022-12-13T00:44:14 GMT" finished-at="2022-12-13T00:44:14 GMT">
          <reporter-output>
          </reporter-output>
        </test-method> <!-- tearDown -->
      </class> <!-- com.nopcommerce.demo.testsuite.ComputerTest -->
    </test> <!-- com-nopcommerce-page-factory-anisha -->
  </suite> <!-- Default Suite -->
</testng-results>
